<?xml version="1.0" encoding="UTF-8"?>
<beans xmlns="http://www.springframework.org/schema/beans"
       xmlns:xsi="http://www.w3.org/2001/XMLSchema-instance"
       xmlns:context="http://www.springframework.org/schema/context"

       xsi:schemaLocation="
            http://www.springframework.org/schema/beans http://www.springframework.org/schema/beans/spring-beans.xsd
            http://www.springframework.org/schema/context http://www.springframework.org/schema/context/spring-context.xsd">

    <import resource="context.xml"/>

    <context:component-scan base-package="com.packers.movers">
        <!--<context:include-filter type="annotation" expression="org.springframework.stereotype.Component"/>-->
    </context:component-scan>

    <bean id="dataSource" class="com.packers.movers.configuration.Configuration"
          factory-method="createSingleConnectionDataSource" />

</beans>
