<?xml version="1.0" encoding="UTF-8"?>
<!-- Generated by org.testng.reporters.JUnitReportReporter -->
<testsuite hostname="Jeeveshs-MBP.lan" name="com.packers.movers.datalayer.entities.EntitySqlStoreTest" tests="1" failures="0" timestamp="25 May 2017 22:11:23 GMT" time="0.275" errors="0">
  <testcase name="testPersistCustomer" time="0.275" classname="com.packers.movers.datalayer.entities.EntitySqlStoreTest"/>
</testsuite> <!-- com.packers.movers.datalayer.entities.EntitySqlStoreTest -->
